# JRE version: OpenJDK Runtime Environment (8.0_181-b13) (build 1.8.0_181-8u181-b13-0ubuntu0.18.04.1-b13)
# Java VM: OpenJDK 64-Bit Server VM (25.181-b13 mixed mode linux-amd64 compressed oops)
Heap:
 PSYoungGen      total 1102336K, used 9205K [0x000000076d000000, 0x00000007b2400000, 0x00000007c0000000)
  eden space 1093120K, 0% used [0x000000076d000000,0x000000076d000000,0x00000007afb80000)
  from space 9216K, 99% used [0x00000007afb80000,0x00000007b047d6a8,0x00000007b0480000)
  to   space 9728K, 0% used [0x00000007b0480000,0x00000007b0480000,0x00000007b0e00000)
 ParOldGen       total 159744K, used 28039K [0x00000006c7000000, 0x00000006d0c00000, 0x000000076d000000)
  object space 159744K, 17% used [0x00000006c7000000,0x00000006c8b61e58,0x00000006d0c00000)
 Metaspace       used 40335K, capacity 40816K, committed 41128K, reserved 1085440K
  class space    used 4873K, capacity 5020K, committed 5032K, reserved 1048576K
GC Heap History (10 events):
Event: 13.086 GC heap after
Heap after GC invocations=12 (full 1):
 PSYoungGen      total 828416K, used 4257K [0x000000076d000000, 0x00000007a3780000, 0x00000007c0000000)
  eden space 821760K, 0% used [0x000000076d000000,0x000000076d000000,0x000000079f280000)
  from space 6656K, 63% used [0x000000079f280000,0x000000079f6a8628,0x000000079f900000)
  to   space 6656K, 0% used [0x00000007a3100000,0x00000007a3100000,0x00000007a3780000)
 ParOldGen       total 98304K, used 8060K [0x00000006c7000000, 0x00000006cd000000, 0x000000076d000000)
  object space 98304K, 8% used [0x00000006c7000000,0x00000006c77df060,0x00000006cd000000)
 Metaspace       used 25589K, capacity 25934K, committed 26288K, reserved 1073152K
  class space    used 3094K, capacity 3189K, committed 3248K, reserved 1048576K
}
Event: 22.751 GC heap before
{Heap before GC invocations=13 (full 1):
 PSYoungGen      total 828416K, used 826017K [0x000000076d000000, 0x00000007a3780000, 0x00000007c0000000)
  eden space 821760K, 100% used [0x000000076d000000,0x000000079f280000,0x000000079f280000)
  from space 6656K, 63% used [0x000000079f280000,0x000000079f6a8628,0x000000079f900000)
  to   space 6656K, 0% used [0x00000007a3100000,0x00000007a3100000,0x00000007a3780000)
 ParOldGen       total 98304K, used 8060K [0x00000006c7000000, 0x00000006cd000000, 0x000000076d000000)
  object space 98304K, 8% used [0x00000006c7000000,0x00000006c77df060,0x00000006cd000000)
 Metaspace       used 28398K, capacity 28768K, committed 28976K, reserved 1075200K
  class space    used 3526K, capacity 3624K, committed 3632K, reserved 1048576K
Event: 22.779 GC heap after
Heap after GC invocations=13 (full 1):
 PSYoungGen      total 885248K, used 6356K [0x000000076d000000, 0x00000007ad200000, 0x00000007c0000000)
  eden space 878592K, 0% used [0x000000076d000000,0x000000076d000000,0x00000007a2a00000)
  from space 6656K, 95% used [0x00000007a3100000,0x00000007a3735100,0x00000007a3780000)
  to   space 7168K, 0% used [0x00000007a2a00000,0x00000007a2a00000,0x00000007a3100000)
 ParOldGen       total 98304K, used 10056K [0x00000006c7000000, 0x00000006cd000000, 0x000000076d000000)
  object space 98304K, 10% used [0x00000006c7000000,0x00000006c79d2080,0x00000006cd000000)
 Metaspace       used 28398K, capacity 28768K, committed 28976K, reserved 1075200K
  class space    used 3526K, capacity 3624K, committed 3632K, reserved 1048576K
}
Event: 27.629 GC heap before
{Heap before GC invocations=14 (full 1):
 PSYoungGen      total 885248K, used 884948K [0x000000076d000000, 0x00000007ad200000, 0x00000007c0000000)
  eden space 878592K, 100% used [0x000000076d000000,0x00000007a2a00000,0x00000007a2a00000)
  from space 6656K, 95% used [0x00000007a3100000,0x00000007a3735100,0x00000007a3780000)
  to   space 7168K, 0% used [0x00000007a2a00000,0x00000007a2a00000,0x00000007a3100000)
 ParOldGen       total 98304K, used 10056K [0x00000006c7000000, 0x00000006cd000000, 0x000000076d000000)
  object space 98304K, 10% used [0x00000006c7000000,0x00000006c79d2080,0x00000006cd000000)
 Metaspace       used 34078K, capacity 34522K, committed 34864K, reserved 1079296K
  class space    used 4201K, capacity 4311K, committed 4400K, reserved 1048576K
Event: 27.663 GC heap after
Heap after GC invocations=14 (full 1):
 PSYoungGen      total 885760K, used 7168K [0x000000076d000000, 0x00000007b0e00000, 0x00000007c0000000)
  eden space 878592K, 0% used [0x000000076d000000,0x000000076d000000,0x00000007a2a00000)
  from space 7168K, 100% used [0x00000007a2a00000,0x00000007a3100000,0x00000007a3100000)
  to   space 9728K, 0% used [0x00000007b0480000,0x00000007b0480000,0x00000007b0e00000)
 ParOldGen       total 98304K, used 14233K [0x00000006c7000000, 0x00000006cd000000, 0x000000076d000000)
  object space 98304K, 14% used [0x00000006c7000000,0x00000006c7de66d0,0x00000006cd000000)
 Metaspace       used 34078K, capacity 34522K, committed 34864K, reserved 1079296K
  class space    used 4201K, capacity 4311K, committed 4400K, reserved 1048576K
}
Event: 29.239 GC heap before
{Heap before GC invocations=15 (full 1):
 PSYoungGen      total 885760K, used 312208K [0x000000076d000000, 0x00000007b0e00000, 0x00000007c0000000)
  eden space 878592K, 34% used [0x000000076d000000,0x000000077f9e40e0,0x00000007a2a00000)
  from space 7168K, 100% used [0x00000007a2a00000,0x00000007a3100000,0x00000007a3100000)
  to   space 9728K, 0% used [0x00000007b0480000,0x00000007b0480000,0x00000007b0e00000)
 ParOldGen       total 98304K, used 14233K [0x00000006c7000000, 0x00000006cd000000, 0x000000076d000000)
  object space 98304K, 14% used [0x00000006c7000000,0x00000006c7de66d0,0x00000006cd000000)
 Metaspace       used 34809K, capacity 35258K, committed 35496K, reserved 1081344K
  class space    used 4270K, capacity 4407K, committed 4520K, reserved 1048576K
Event: 29.271 GC heap after
Heap after GC invocations=15 (full 1):
 PSYoungGen      total 1102848K, used 4426K [0x000000076d000000, 0x00000007b2400000, 0x00000007c0000000)
  eden space 1093120K, 0% used [0x000000076d000000,0x000000076d000000,0x00000007afb80000)
  from space 9728K, 45% used [0x00000007b0480000,0x00000007b08d2a80,0x00000007b0e00000)
  to   space 9216K, 0% used [0x00000007afb80000,0x00000007afb80000,0x00000007b0480000)
 ParOldGen       total 98304K, used 21293K [0x00000006c7000000, 0x00000006cd000000, 0x000000076d000000)
  object space 98304K, 21% used [0x00000006c7000000,0x00000006c84cb750,0x00000006cd000000)
 Metaspace       used 34809K, capacity 35258K, committed 35496K, reserved 1081344K
  class space    used 4270K, capacity 4407K, committed 4520K, reserved 1048576K
}
Event: 29.271 GC heap before
{Heap before GC invocations=16 (full 2):
 PSYoungGen      total 1102848K, used 4426K [0x000000076d000000, 0x00000007b2400000, 0x00000007c0000000)
  eden space 1093120K, 0% used [0x000000076d000000,0x000000076d000000,0x00000007afb80000)
  from space 9728K, 45% used [0x00000007b0480000,0x00000007b08d2a80,0x00000007b0e00000)
  to   space 9216K, 0% used [0x00000007afb80000,0x00000007afb80000,0x00000007b0480000)
 ParOldGen       total 98304K, used 21293K [0x00000006c7000000, 0x00000006cd000000, 0x000000076d000000)
  object space 98304K, 21% used [0x00000006c7000000,0x00000006c84cb750,0x00000006cd000000)
 Metaspace       used 34809K, capacity 35258K, committed 35496K, reserved 1081344K
  class space    used 4270K, capacity 4407K, committed 4520K, reserved 1048576K
Event: 29.434 GC heap after
Heap after GC invocations=16 (full 2):
 PSYoungGen      total 1102848K, used 0K [0x000000076d000000, 0x00000007b2400000, 0x00000007c0000000)
  eden space 1093120K, 0% used [0x000000076d000000,0x000000076d000000,0x00000007afb80000)
  from space 9728K, 0% used [0x00000007b0480000,0x00000007b0480000,0x00000007b0e00000)
  to   space 9216K, 0% used [0x00000007afb80000,0x00000007afb80000,0x00000007b0480000)
 ParOldGen       total 159744K, used 19725K [0x00000006c7000000, 0x00000006d0c00000, 0x000000076d000000)
  object space 159744K, 12% used [0x00000006c7000000,0x00000006c8343500,0x00000006d0c00000)
 Metaspace       used 34809K, capacity 35258K, committed 35496K, reserved 1081344K
  class space    used 4270K, capacity 4407K, committed 4520K, reserved 1048576K
}
Event: 35.955 GC heap before
{Heap before GC invocations=17 (full 2):
 PSYoungGen      total 1102848K, used 1093120K [0x000000076d000000, 0x00000007b2400000, 0x00000007c0000000)
  eden space 1093120K, 100% used [0x000000076d000000,0x00000007afb80000,0x00000007afb80000)
  from space 9728K, 0% used [0x00000007b0480000,0x00000007b0480000,0x00000007b0e00000)
  to   space 9216K, 0% used [0x00000007afb80000,0x00000007afb80000,0x00000007b0480000)
 ParOldGen       total 159744K, used 19725K [0x00000006c7000000, 0x00000006d0c00000, 0x000000076d000000)
  object space 159744K, 12% used [0x00000006c7000000,0x00000006c8343500,0x00000006d0c00000)
 Metaspace       used 40335K, capacity 40816K, committed 41128K, reserved 1085440K
  class space    used 4873K, capacity 5020K, committed 5032K, reserved 1048576K

